2022-12-22 16:02:26,040 [main] INFO  o.e.m.w.i.f.ResourceFilteringBuildParticipant - Cleaning filtered folder for SrBoardProject
2022-12-22 16:52:20,364 [Worker-45: Updating Maven Project] INFO  o.e.m.w.i.f.ResourceFilteringBuildParticipant - Cleaning filtered folder for SrBoardProject
2022-12-22 16:52:20,744 [Worker-43: Building] INFO  o.e.m.w.i.f.ResourceFilteringBuildParticipant - Changed resources require a complete clean of filtered resources of SrBoardProject
2022-12-22 16:52:20,745 [Worker-43: Building] INFO  o.e.m.w.i.f.ResourceFilteringBuildParticipant - Executing resource filtering for SrBoardProject
2022-12-23 10:07:14,086 [Worker-56: Building] INFO  o.e.m.w.i.f.ResourceFilteringBuildParticipant - Changed resources require a complete clean of filtered resources of SrBoardProject
2022-12-23 10:07:14,087 [Worker-56: Building] INFO  o.e.m.w.i.f.ResourceFilteringBuildParticipant - Executing resource filtering for SrBoardProject
2022-12-29 15:36:47,605 [Worker-74: Building] INFO  o.e.m.w.i.f.ResourceFilteringBuildParticipant - Changed resources require a complete clean of filtered resources of SrBoardProject
2022-12-29 15:36:47,758 [Worker-74: Building] INFO  o.e.m.w.i.f.ResourceFilteringBuildParticipant - Executing resource filtering for SrBoardProject
2022-12-29 16:30:15,413 [Worker-95: Updating Maven Project] INFO  o.e.m.w.i.f.ResourceFilteringBuildParticipant - Cleaning filtered folder for SrBoardProject
2022-12-29 16:30:16,009 [Worker-95: Building] INFO  o.e.m.w.i.f.ResourceFilteringBuildParticipant - Changed resources require a complete clean of filtered resources of SrBoardProject
2022-12-29 16:30:16,009 [Worker-95: Building] INFO  o.e.m.w.i.f.ResourceFilteringBuildParticipant - Executing resource filtering for SrBoardProject
2022-12-29 16:36:10,498 [main] INFO  o.e.m.w.i.f.ResourceFilteringBuildParticipant - Cleaning filtered folder for SrBoardProject1
2022-12-29 16:36:11,094 [Worker-122: Building] INFO  o.e.m.w.i.f.ResourceFilteringBuildParticipant - Changed resources require a complete clean of filtered resources of SrBoardProject1
2022-12-29 16:36:11,094 [Worker-122: Building] INFO  o.e.m.w.i.f.ResourceFilteringBuildParticipant - Executing resource filtering for SrBoardProject1
2022-12-29 16:40:45,118 [Worker-126: Building] INFO  o.e.m.w.i.f.ResourceFilteringBuildParticipant - Changed resources require a complete clean of filtered resources of SrBoardProject1
2022-12-29 16:40:45,119 [Worker-126: Building] INFO  o.e.m.w.i.f.ResourceFilteringBuildParticipant - Executing resource filtering for SrBoardProject1
2022-12-29 16:41:53,848 [Worker-128: Building] INFO  o.e.m.w.i.f.ResourceFilteringBuildParticipant - Changed resources require a complete clean of filtered resources of SrBoardProject1
2022-12-29 16:41:53,848 [Worker-128: Building] INFO  o.e.m.w.i.f.ResourceFilteringBuildParticipant - Executing resource filtering for SrBoardProject1
2022-12-29 17:15:50,295 [Worker-130: Updating Maven Project] INFO  o.e.m.w.i.f.ResourceFilteringBuildParticipant - Cleaning filtered folder for SrBoardProject1
2022-12-29 17:15:50,554 [Worker-130: Building] INFO  o.e.m.w.i.f.ResourceFilteringBuildParticipant - Changed resources require a complete clean of filtered resources of SrBoardProject1
2022-12-29 17:15:50,555 [Worker-130: Building] INFO  o.e.m.w.i.f.ResourceFilteringBuildParticipant - Executing resource filtering for SrBoardProject1
2022-12-29 17:28:00,516 [main] INFO  o.e.m.w.i.f.ResourceFilteringBuildParticipant - Cleaning filtered folder for test333
2022-12-29 17:28:01,063 [Worker-159: Building] INFO  o.e.m.w.i.f.ResourceFilteringBuildParticipant - Changed resources require a complete clean of filtered resources of test333
2022-12-29 17:28:01,064 [Worker-159: Building] INFO  o.e.m.w.i.f.ResourceFilteringBuildParticipant - Executing resource filtering for test333
2022-12-29 17:38:28,947 [main] INFO  o.e.m.w.i.f.ResourceFilteringBuildParticipant - Cleaning filtered folder for test111
2022-12-29 17:38:29,288 [Worker-173: Building] INFO  o.e.m.w.i.f.ResourceFilteringBuildParticipant - Changed resources require a complete clean of filtered resources of test111
2022-12-29 17:38:29,289 [Worker-173: Building] INFO  o.e.m.w.i.f.ResourceFilteringBuildParticipant - Executing resource filtering for test111
2022-12-29 17:40:01,761 [main] INFO  o.e.m.w.i.f.ResourceFilteringBuildParticipant - Cleaning filtered folder for ECALL_C
2022-12-29 17:40:02,302 [Worker-170: Building] INFO  o.e.m.w.i.f.ResourceFilteringBuildParticipant - Changed resources require a complete clean of filtered resources of ECALL_C
2022-12-29 17:40:02,302 [Worker-170: Building] INFO  o.e.m.w.i.f.ResourceFilteringBuildParticipant - Executing resource filtering for ECALL_C
2022-12-29 18:08:39,206 [Worker-197: Building] INFO  o.e.m.w.i.f.ResourceFilteringBuildParticipant - Changed resources require a complete clean of filtered resources of ECALL_C
2022-12-29 18:08:39,206 [Worker-197: Building] INFO  o.e.m.w.i.f.ResourceFilteringBuildParticipant - Executing resource filtering for ECALL_C
2022-12-29 18:12:52,541 [Worker-189: Building] INFO  o.e.m.w.i.f.ResourceFilteringBuildParticipant - Changed resources require a complete clean of filtered resources of ECALL_C
2022-12-29 18:12:52,541 [Worker-189: Building] INFO  o.e.m.w.i.f.ResourceFilteringBuildParticipant - Executing resource filtering for ECALL_C
